# JRE version: Java(TM) SE Runtime Environment (21.0.2+13) (build 21.0.2+13-LTS-58)
# Java VM: Java HotSpot(TM) 64-Bit Server VM (21.0.2+13-LTS-58, mixed mode, sharing, tiered, compressed oops, compressed class ptrs, g1 gc, windows-amd64)
GC Precious Log:
 CardTable entry size: 512
 Card Set container configuration: InlinePtr #cards 4 size 8 Array Of Cards #cards 32 size 80 Howl #buckets 8 coarsen threshold 7372 Howl Bitmap #cards 1024 size 144 coarsen threshold 921 Card regions per heap region 1 cards per card region 8192
 CPUs: 4 total, 4 available
 Memory: 20389M
 Large Page Support: Disabled
 NUMA Support: Disabled
 Compressed Oops: Enabled (Zero based)
 Heap Region Size: 4M
 Heap Min Capacity: 8M
 Heap Initial Capacity: 320M
 Heap Max Capacity: 5100M
 Pre-touch: Disabled
 Parallel Workers: 4
 Concurrent Workers: 1
 Concurrent Refinement Workers: 4
 Periodic GC: Disabled
Heap:
 garbage-first heap   total 229376K, used 129020K [0x00000006c1400000, 0x0000000800000000)
  region size 4096K, 6 young (24576K), 3 survivors (12288K)
 Metaspace       used 41993K, committed 42624K, reserved 1114112K
  class space    used 4679K, committed 4992K, reserved 1048576K
GC Heap History (20 events):
Event: 28.507 GC heap before
{Heap before GC invocations=7 (full 0):
 garbage-first heap   total 200704K, used 72728K [0x00000006c1400000, 0x0000000800000000)
  region size 4096K, 6 young (24576K), 5 survivors (20480K)
 Metaspace       used 29172K, committed 29504K, reserved 1114112K
  class space    used 3214K, committed 3328K, reserved 1048576K
}
Event: 28.533 GC heap after
{Heap after GC invocations=8 (full 0):
 garbage-first heap   total 200704K, used 72487K [0x00000006c1400000, 0x0000000800000000)
  region size 4096K, 1 young (4096K), 1 survivors (4096K)
 Metaspace       used 29172K, committed 29504K, reserved 1114112K
  class space    used 3214K, committed 3328K, reserved 1048576K
}
Event: 37.103 GC heap before
{Heap before GC invocations=8 (full 0):
 garbage-first heap   total 200704K, used 158503K [0x00000006c1400000, 0x0000000800000000)
  region size 4096K, 22 young (90112K), 1 survivors (4096K)
 Metaspace       used 31194K, committed 31680K, reserved 1114112K
  class space    used 3414K, committed 3584K, reserved 1048576K
}
Event: 37.116 GC heap after
{Heap after GC invocations=9 (full 0):
 garbage-first heap   total 200704K, used 71640K [0x00000006c1400000, 0x0000000800000000)
  region size 4096K, 1 young (4096K), 1 survivors (4096K)
 Metaspace       used 31194K, committed 31680K, reserved 1114112K
  class space    used 3414K, committed 3584K, reserved 1048576K
}
Event: 44.006 GC heap before
{Heap before GC invocations=9 (full 0):
 garbage-first heap   total 200704K, used 165848K [0x00000006c1400000, 0x0000000800000000)
  region size 4096K, 24 young (98304K), 1 survivors (4096K)
 Metaspace       used 33791K, committed 34368K, reserved 1114112K
  class space    used 3702K, committed 3968K, reserved 1048576K
}
Event: 44.027 GC heap after
{Heap after GC invocations=10 (full 0):
 garbage-first heap   total 200704K, used 94208K [0x00000006c1400000, 0x0000000800000000)
  region size 4096K, 3 young (12288K), 3 survivors (12288K)
 Metaspace       used 33791K, committed 34368K, reserved 1114112K
  class space    used 3702K, committed 3968K, reserved 1048576K
}
Event: 46.102 GC heap before
{Heap before GC invocations=10 (full 0):
 garbage-first heap   total 200704K, used 159744K [0x00000006c1400000, 0x0000000800000000)
  region size 4096K, 20 young (81920K), 3 survivors (12288K)
 Metaspace       used 33912K, committed 34496K, reserved 1114112K
  class space    used 3706K, committed 4032K, reserved 1048576K
}
Event: 46.131 GC heap after
{Heap after GC invocations=11 (full 0):
 garbage-first heap   total 204800K, used 120511K [0x00000006c1400000, 0x0000000800000000)
  region size 4096K, 3 young (12288K), 3 survivors (12288K)
 Metaspace       used 33912K, committed 34496K, reserved 1114112K
  class space    used 3706K, committed 4032K, reserved 1048576K
}
Event: 48.073 GC heap before
{Heap before GC invocations=11 (full 0):
 garbage-first heap   total 204800K, used 165567K [0x00000006c1400000, 0x0000000800000000)
  region size 4096K, 14 young (57344K), 3 survivors (12288K)
 Metaspace       used 34685K, committed 35264K, reserved 1114112K
  class space    used 3799K, committed 4096K, reserved 1048576K
}
Event: 48.094 GC heap after
{Heap after GC invocations=12 (full 0):
 garbage-first heap   total 204800K, used 129623K [0x00000006c1400000, 0x0000000800000000)
  region size 4096K, 2 young (8192K), 2 survivors (8192K)
 Metaspace       used 34685K, committed 35264K, reserved 1114112K
  class space    used 3799K, committed 4096K, reserved 1048576K
}
Event: 49.904 GC heap before
{Heap before GC invocations=13 (full 0):
 garbage-first heap   total 225280K, used 170583K [0x00000006c1400000, 0x0000000800000000)
  region size 4096K, 12 young (49152K), 2 survivors (8192K)
 Metaspace       used 33860K, committed 34496K, reserved 1114112K
  class space    used 3697K, committed 4032K, reserved 1048576K
}
Event: 49.919 GC heap after
{Heap after GC invocations=14 (full 0):
 garbage-first heap   total 225280K, used 131585K [0x00000006c1400000, 0x0000000800000000)
  region size 4096K, 1 young (4096K), 1 survivors (4096K)
 Metaspace       used 33860K, committed 34496K, reserved 1114112K
  class space    used 3697K, committed 4032K, reserved 1048576K
}
Event: 54.057 GC heap before
{Heap before GC invocations=14 (full 0):
 garbage-first heap   total 225280K, used 188929K [0x00000006c1400000, 0x0000000800000000)
  region size 4096K, 15 young (61440K), 1 survivors (4096K)
 Metaspace       used 35914K, committed 36480K, reserved 1114112K
  class space    used 3945K, committed 4224K, reserved 1048576K
}
Event: 54.081 GC heap after
{Heap after GC invocations=15 (full 0):
 garbage-first heap   total 225280K, used 113255K [0x00000006c1400000, 0x0000000800000000)
  region size 4096K, 2 young (8192K), 2 survivors (8192K)
 Metaspace       used 35914K, committed 36480K, reserved 1114112K
  class space    used 3945K, committed 4224K, reserved 1048576K
}
Event: 59.478 GC heap before
{Heap before GC invocations=15 (full 0):
 garbage-first heap   total 225280K, used 211559K [0x00000006c1400000, 0x0000000800000000)
  region size 4096K, 19 young (77824K), 2 survivors (8192K)
 Metaspace       used 38934K, committed 39488K, reserved 1114112K
  class space    used 4316K, committed 4544K, reserved 1048576K
}
Event: 59.494 GC heap after
{Heap after GC invocations=16 (full 0):
 garbage-first heap   total 229376K, used 105215K [0x00000006c1400000, 0x0000000800000000)
  region size 4096K, 2 young (8192K), 2 survivors (8192K)
 Metaspace       used 38934K, committed 39488K, reserved 1114112K
  class space    used 4316K, committed 4544K, reserved 1048576K
}
Event: 63.018 GC heap before
{Heap before GC invocations=16 (full 0):
 garbage-first heap   total 229376K, used 187135K [0x00000006c1400000, 0x0000000800000000)
  region size 4096K, 22 young (90112K), 2 survivors (8192K)
 Metaspace       used 39196K, committed 39808K, reserved 1114112K
  class space    used 4339K, committed 4608K, reserved 1048576K
}
Event: 63.039 GC heap after
{Heap after GC invocations=17 (full 0):
 garbage-first heap   total 229376K, used 110980K [0x00000006c1400000, 0x0000000800000000)
  region size 4096K, 3 young (12288K), 3 survivors (12288K)
 Metaspace       used 39196K, committed 39808K, reserved 1114112K
  class space    used 4339K, committed 4608K, reserved 1048576K
}
Event: 66.281 GC heap before
{Heap before GC invocations=17 (full 0):
 garbage-first heap   total 229376K, used 192900K [0x00000006c1400000, 0x0000000800000000)
  region size 4096K, 23 young (94208K), 3 survivors (12288K)
 Metaspace       used 40018K, committed 40640K, reserved 1114112K
  class space    used 4414K, committed 4672K, reserved 1048576K
}
Event: 66.299 GC heap after
{Heap after GC invocations=18 (full 0):
 garbage-first heap   total 229376K, used 120828K [0x00000006c1400000, 0x0000000800000000)
  region size 4096K, 3 young (12288K), 3 survivors (12288K)
 Metaspace       used 40018K, committed 40640K, reserved 1114112K
  class space    used 4414K, committed 4672K, reserved 1048576K
}

