# JRE version: Java(TM) SE Runtime Environment (21.0.2+13) (build 21.0.2+13-LTS-58)
# Java VM: Java HotSpot(TM) 64-Bit Server VM (21.0.2+13-LTS-58, mixed mode, sharing, tiered, compressed oops, compressed class ptrs, g1 gc, windows-amd64)
GC Precious Log:
 CardTable entry size: 512
 Card Set container configuration: InlinePtr #cards 4 size 8 Array Of Cards #cards 32 size 80 Howl #buckets 8 coarsen threshold 7372 Howl Bitmap #cards 1024 size 144 coarsen threshold 921 Card regions per heap region 1 cards per card region 8192
 CPUs: 4 total, 4 available
 Memory: 20389M
 Large Page Support: Disabled
 NUMA Support: Disabled
 Compressed Oops: Enabled (Zero based)
 Heap Region Size: 4M
 Heap Min Capacity: 8M
 Heap Initial Capacity: 320M
 Heap Max Capacity: 5100M
 Pre-touch: Disabled
 Parallel Workers: 4
 Concurrent Workers: 1
 Concurrent Refinement Workers: 4
 Periodic GC: Disabled
Heap:
 garbage-first heap   total 327680K, used 113107K [0x00000006c1400000, 0x0000000800000000)
  region size 4096K, 28 young (114688K), 6 survivors (24576K)
 Metaspace       used 17717K, committed 17984K, reserved 1114112K
  class space    used 1930K, committed 2048K, reserved 1048576K
GC Heap History (8 events):
Event: 1.576 GC heap before
{Heap before GC invocations=0 (full 0):
 garbage-first heap   total 327680K, used 16384K [0x00000006c1400000, 0x0000000800000000)
  region size 4096K, 4 young (16384K), 0 survivors (0K)
 Metaspace       used 4836K, committed 4928K, reserved 1114112K
  class space    used 538K, committed 576K, reserved 1048576K
}
Event: 1.582 GC heap after
{Heap after GC invocations=1 (full 0):
 garbage-first heap   total 327680K, used 3633K [0x00000006c1400000, 0x0000000800000000)
  region size 4096K, 1 young (4096K), 1 survivors (4096K)
 Metaspace       used 4836K, committed 4928K, reserved 1114112K
  class space    used 538K, committed 576K, reserved 1048576K
}
Event: 2.243 GC heap before
{Heap before GC invocations=1 (full 0):
 garbage-first heap   total 327680K, used 15921K [0x00000006c1400000, 0x0000000800000000)
  region size 4096K, 4 young (16384K), 1 survivors (4096K)
 Metaspace       used 6263K, committed 6464K, reserved 1114112K
  class space    used 720K, committed 832K, reserved 1048576K
}
Event: 2.252 GC heap after
{Heap after GC invocations=2 (full 0):
 garbage-first heap   total 327680K, used 4404K [0x00000006c1400000, 0x0000000800000000)
  region size 4096K, 1 young (4096K), 1 survivors (4096K)
 Metaspace       used 6263K, committed 6464K, reserved 1114112K
  class space    used 720K, committed 832K, reserved 1048576K
}
Event: 4.318 GC heap before
{Heap before GC invocations=2 (full 0):
 garbage-first heap   total 327680K, used 33076K [0x00000006c1400000, 0x0000000800000000)
  region size 4096K, 8 young (32768K), 1 survivors (4096K)
 Metaspace       used 11193K, committed 11328K, reserved 1114112K
  class space    used 1324K, committed 1408K, reserved 1048576K
}
Event: 4.323 GC heap after
{Heap after GC invocations=3 (full 0):
 garbage-first heap   total 327680K, used 6012K [0x00000006c1400000, 0x0000000800000000)
  region size 4096K, 1 young (4096K), 1 survivors (4096K)
 Metaspace       used 11193K, committed 11328K, reserved 1114112K
  class space    used 1324K, committed 1408K, reserved 1048576K
}
Event: 13.300 GC heap before
{Heap before GC invocations=3 (full 0):
 garbage-first heap   total 327680K, used 198524K [0x00000006c1400000, 0x0000000800000000)
  region size 4096K, 48 young (196608K), 1 survivors (4096K)
 Metaspace       used 17333K, committed 17536K, reserved 1114112K
  class space    used 1905K, committed 1984K, reserved 1048576K
}
Event: 13.352 GC heap after
{Heap after GC invocations=4 (full 0):
 garbage-first heap   total 327680K, used 27091K [0x00000006c1400000, 0x0000000800000000)
  region size 4096K, 6 young (24576K), 6 survivors (24576K)
 Metaspace       used 17333K, committed 17536K, reserved 1114112K
  class space    used 1905K, committed 1984K, reserved 1048576K
}

